# JRE version: OpenJDK Runtime Environment (8.0_242-b01) (build 1.8.0_242-release-1644-b01)
# Java VM: OpenJDK 64-Bit Server VM (25.242-b01 mixed mode windows-amd64 compressed oops)
Heap:
 PSYoungGen      total 331776K, used 122421K [0x00000000d5580000, 0x00000000eff00000, 0x0000000100000000)
  eden space 306688K, 31% used [0x00000000d5580000,0x00000000db48ec10,0x00000000e8100000)
  from space 25088K, 99% used [0x00000000e8100000,0x00000000e997eab0,0x00000000e9980000)
  to   space 34304K, 0% used [0x00000000edd80000,0x00000000edd80000,0x00000000eff00000)
 ParOldGen       total 224768K, used 50485K [0x0000000080000000, 0x000000008db80000, 0x00000000d5580000)
  object space 224768K, 22% used [0x0000000080000000,0x000000008314d5c0,0x000000008db80000)
 Metaspace       used 71371K, capacity 76202K, committed 76504K, reserved 1114112K
  class space    used 10059K, capacity 10930K, committed 11008K, reserved 1048576K
GC Heap History (10 events):
Event: 2.234 GC heap before
{Heap before GC invocations=8 (full 2):
 PSYoungGen      total 220160K, used 8322K [0x00000000d5580000, 0x00000000e4380000, 0x0000000100000000)
  eden space 204800K, 0% used [0x00000000d5580000,0x00000000d5580000,0x00000000e1d80000)
  from space 15360K, 54% used [0x00000000e2c00000,0x00000000e3420a78,0x00000000e3b00000)
  to   space 14848K, 0% used [0x00000000e1d80000,0x00000000e1d80000,0x00000000e2c00000)
 ParOldGen       total 99840K, used 11076K [0x0000000080000000, 0x0000000086180000, 0x00000000d5580000)
  object space 99840K, 11% used [0x0000000080000000,0x0000000080ad13e0,0x0000000086180000)
 Metaspace       used 34236K, capacity 35380K, committed 35416K, reserved 1079296K
  class space    used 4704K, capacity 4969K, committed 4992K, reserved 1048576K
Event: 2.261 GC heap after
Heap after GC invocations=8 (full 2):
 PSYoungGen      total 220160K, used 0K [0x00000000d5580000, 0x00000000e4380000, 0x0000000100000000)
  eden space 204800K, 0% used [0x00000000d5580000,0x00000000d5580000,0x00000000e1d80000)
  from space 15360K, 0% used [0x00000000e2c00000,0x00000000e2c00000,0x00000000e3b00000)
  to   space 14848K, 0% used [0x00000000e1d80000,0x00000000e1d80000,0x00000000e2c00000)
 ParOldGen       total 148992K, used 14789K [0x0000000080000000, 0x0000000089180000, 0x00000000d5580000)
  object space 148992K, 9% used [0x0000000080000000,0x0000000080e714a8,0x0000000089180000)
 Metaspace       used 34236K, capacity 35380K, committed 35416K, reserved 1079296K
  class space    used 4704K, capacity 4969K, committed 4992K, reserved 1048576K
}
Event: 3.063 GC heap before
{Heap before GC invocations=9 (full 2):
 PSYoungGen      total 220160K, used 204800K [0x00000000d5580000, 0x00000000e4380000, 0x0000000100000000)
  eden space 204800K, 100% used [0x00000000d5580000,0x00000000e1d80000,0x00000000e1d80000)
  from space 15360K, 0% used [0x00000000e2c00000,0x00000000e2c00000,0x00000000e3b00000)
  to   space 14848K, 0% used [0x00000000e1d80000,0x00000000e1d80000,0x00000000e2c00000)
 ParOldGen       total 148992K, used 14789K [0x0000000080000000, 0x0000000089180000, 0x00000000d5580000)
  object space 148992K, 9% used [0x0000000080000000,0x0000000080e714a8,0x0000000089180000)
 Metaspace       used 45653K, capacity 47664K, committed 47960K, reserved 1091584K
  class space    used 6166K, capacity 6520K, committed 6528K, reserved 1048576K
Event: 3.075 GC heap after
Heap after GC invocations=9 (full 2):
 PSYoungGen      total 219648K, used 14839K [0x00000000d5580000, 0x00000000ead80000, 0x0000000100000000)
  eden space 204800K, 0% used [0x00000000d5580000,0x00000000d5580000,0x00000000e1d80000)
  from space 14848K, 99% used [0x00000000e1d80000,0x00000000e2bfdce8,0x00000000e2c00000)
  to   space 20480K, 0% used [0x00000000e9980000,0x00000000e9980000,0x00000000ead80000)
 ParOldGen       total 148992K, used 21633K [0x0000000080000000, 0x0000000089180000, 0x00000000d5580000)
  object space 148992K, 14% used [0x0000000080000000,0x00000000815205e8,0x0000000089180000)
 Metaspace       used 45653K, capacity 47664K, committed 47960K, reserved 1091584K
  class space    used 6166K, capacity 6520K, committed 6528K, reserved 1048576K
}
Event: 3.945 GC heap before
{Heap before GC invocations=10 (full 2):
 PSYoungGen      total 219648K, used 146653K [0x00000000d5580000, 0x00000000ead80000, 0x0000000100000000)
  eden space 204800K, 64% used [0x00000000d5580000,0x00000000dd639ac0,0x00000000e1d80000)
  from space 14848K, 99% used [0x00000000e1d80000,0x00000000e2bfdce8,0x00000000e2c00000)
  to   space 20480K, 0% used [0x00000000e9980000,0x00000000e9980000,0x00000000ead80000)
 ParOldGen       total 148992K, used 21633K [0x0000000080000000, 0x0000000089180000, 0x00000000d5580000)
  object space 148992K, 14% used [0x0000000080000000,0x00000000815205e8,0x0000000089180000)
 Metaspace       used 56361K, capacity 58854K, committed 59028K, reserved 1099776K
  class space    used 7693K, capacity 8204K, committed 8320K, reserved 1048576K
Event: 3.960 GC heap after
Heap after GC invocations=10 (full 2):
 PSYoungGen      total 327168K, used 20454K [0x00000000d5580000, 0x00000000eb200000, 0x0000000100000000)
  eden space 306688K, 0% used [0x00000000d5580000,0x00000000d5580000,0x00000000e8100000)
  from space 20480K, 99% used [0x00000000e9980000,0x00000000ead79bb0,0x00000000ead80000)
  to   space 25088K, 0% used [0x00000000e8100000,0x00000000e8100000,0x00000000e9980000)
 ParOldGen       total 148992K, used 25716K [0x0000000080000000, 0x0000000089180000, 0x00000000d5580000)
  object space 148992K, 17% used [0x0000000080000000,0x000000008191d018,0x0000000089180000)
 Metaspace       used 56361K, capacity 58854K, committed 59028K, reserved 1099776K
  class space    used 7693K, capacity 8204K, committed 8320K, reserved 1048576K
}
Event: 3.960 GC heap before
{Heap before GC invocations=11 (full 3):
 PSYoungGen      total 327168K, used 20454K [0x00000000d5580000, 0x00000000eb200000, 0x0000000100000000)
  eden space 306688K, 0% used [0x00000000d5580000,0x00000000d5580000,0x00000000e8100000)
  from space 20480K, 99% used [0x00000000e9980000,0x00000000ead79bb0,0x00000000ead80000)
  to   space 25088K, 0% used [0x00000000e8100000,0x00000000e8100000,0x00000000e9980000)
 ParOldGen       total 148992K, used 25716K [0x0000000080000000, 0x0000000089180000, 0x00000000d5580000)
  object space 148992K, 17% used [0x0000000080000000,0x000000008191d018,0x0000000089180000)
 Metaspace       used 56361K, capacity 58854K, committed 59028K, reserved 1099776K
  class space    used 7693K, capacity 8204K, committed 8320K, reserved 1048576K
Event: 4.110 GC heap after
Heap after GC invocations=11 (full 3):
 PSYoungGen      total 327168K, used 0K [0x00000000d5580000, 0x00000000eb200000, 0x0000000100000000)
  eden space 306688K, 0% used [0x00000000d5580000,0x00000000d5580000,0x00000000e8100000)
  from space 20480K, 0% used [0x00000000e9980000,0x00000000e9980000,0x00000000ead80000)
  to   space 25088K, 0% used [0x00000000e8100000,0x00000000e8100000,0x00000000e9980000)
 ParOldGen       total 224768K, used 36466K [0x0000000080000000, 0x000000008db80000, 0x00000000d5580000)
  object space 224768K, 16% used [0x0000000080000000,0x000000008239cbe8,0x000000008db80000)
 Metaspace       used 56272K, capacity 58554K, committed 59028K, reserved 1099776K
  class space    used 7665K, capacity 8154K, committed 8320K, reserved 1048576K
}
Event: 5.567 GC heap before
{Heap before GC invocations=12 (full 3):
 PSYoungGen      total 327168K, used 306688K [0x00000000d5580000, 0x00000000eb200000, 0x0000000100000000)
  eden space 306688K, 100% used [0x00000000d5580000,0x00000000e8100000,0x00000000e8100000)
  from space 20480K, 0% used [0x00000000e9980000,0x00000000e9980000,0x00000000ead80000)
  to   space 25088K, 0% used [0x00000000e8100000,0x00000000e8100000,0x00000000e9980000)
 ParOldGen       total 224768K, used 36466K [0x0000000080000000, 0x000000008db80000, 0x00000000d5580000)
  object space 224768K, 16% used [0x0000000080000000,0x000000008239cbe8,0x000000008db80000)
 Metaspace       used 67332K, capacity 71292K, committed 71512K, reserved 1110016K
  class space    used 9333K, capacity 10029K, committed 10112K, reserved 1048576K
Event: 5.586 GC heap after
Heap after GC invocations=12 (full 3):
 PSYoungGen      total 331776K, used 25082K [0x00000000d5580000, 0x00000000eff00000, 0x0000000100000000)
  eden space 306688K, 0% used [0x00000000d5580000,0x00000000d5580000,0x00000000e8100000)
  from space 25088K, 99% used [0x00000000e8100000,0x00000000e997eab0,0x00000000e9980000)
  to   space 34304K, 0% used [0x00000000edd80000,0x00000000edd80000,0x00000000eff00000)
 ParOldGen       total 224768K, used 50485K [0x0000000080000000, 0x000000008db80000, 0x00000000d5580000)
  object space 224768K, 22% used [0x0000000080000000,0x000000008314d5c0,0x000000008db80000)
 Metaspace       used 67332K, capacity 71292K, committed 71512K, reserved 1110016K
  class space    used 9333K, capacity 10029K, committed 10112K, reserved 1048576K
}

