# JRE version: OpenJDK Runtime Environment (8.0_242-b01) (build 1.8.0_242-release-1644-b01)
# Java VM: OpenJDK 64-Bit Server VM (25.242-b01 mixed mode windows-amd64 compressed oops)
Heap:
 PSYoungGen      total 330240K, used 61359K [0x00000000d5580000, 0x00000000ef100000, 0x0000000100000000)
  eden space 301568K, 10% used [0x00000000d5580000,0x00000000d75704f8,0x00000000e7c00000)
  from space 28672K, 99% used [0x00000000ed500000,0x00000000ef0fb900,0x00000000ef100000)
  to   space 24064K, 0% used [0x00000000e7c00000,0x00000000e7c00000,0x00000000e9380000)
 ParOldGen       total 225280K, used 93028K [0x0000000080000000, 0x000000008dc00000, 0x00000000d5580000)
  object space 225280K, 41% used [0x0000000080000000,0x0000000085ad9308,0x000000008dc00000)
 Metaspace       used 81172K, capacity 86738K, committed 86872K, reserved 1124352K
  class space    used 11377K, capacity 12381K, committed 12416K, reserved 1048576K
GC Heap History (10 events):
Event: 4.403 GC heap before
{Heap before GC invocations=9 (full 2):
 PSYoungGen      total 221696K, used 205824K [0x00000000d5580000, 0x00000000e4100000, 0x0000000100000000)
  eden space 205824K, 100% used [0x00000000d5580000,0x00000000e1e80000,0x00000000e1e80000)
  from space 15872K, 0% used [0x00000000e2d80000,0x00000000e2d80000,0x00000000e3d00000)
  to   space 15360K, 0% used [0x00000000e1e80000,0x00000000e1e80000,0x00000000e2d80000)
 ParOldGen       total 151040K, used 14770K [0x0000000080000000, 0x0000000089380000, 0x00000000d5580000)
  object space 151040K, 9% used [0x0000000080000000,0x0000000080e6ca98,0x0000000089380000)
 Metaspace       used 46708K, capacity 48600K, committed 48856K, reserved 1091584K
  class space    used 6307K, capacity 6654K, committed 6656K, reserved 1048576K
Event: 4.421 GC heap after
Heap after GC invocations=9 (full 2):
 PSYoungGen      total 221184K, used 15342K [0x00000000d5580000, 0x00000000ea600000, 0x0000000100000000)
  eden space 205824K, 0% used [0x00000000d5580000,0x00000000d5580000,0x00000000e1e80000)
  from space 15360K, 99% used [0x00000000e1e80000,0x00000000e2d7bad8,0x00000000e2d80000)
  to   space 18944K, 0% used [0x00000000e9380000,0x00000000e9380000,0x00000000ea600000)
 ParOldGen       total 151040K, used 18284K [0x0000000080000000, 0x0000000089380000, 0x00000000d5580000)
  object space 151040K, 12% used [0x0000000080000000,0x00000000811db2c0,0x0000000089380000)
 Metaspace       used 46708K, capacity 48600K, committed 48856K, reserved 1091584K
  class space    used 6307K, capacity 6654K, committed 6656K, reserved 1048576K
}
Event: 5.415 GC heap before
{Heap before GC invocations=10 (full 2):
 PSYoungGen      total 221184K, used 131785K [0x00000000d5580000, 0x00000000ea600000, 0x0000000100000000)
  eden space 205824K, 56% used [0x00000000d5580000,0x00000000dc736c78,0x00000000e1e80000)
  from space 15360K, 99% used [0x00000000e1e80000,0x00000000e2d7bad8,0x00000000e2d80000)
  to   space 18944K, 0% used [0x00000000e9380000,0x00000000e9380000,0x00000000ea600000)
 ParOldGen       total 151040K, used 18284K [0x0000000080000000, 0x0000000089380000, 0x00000000d5580000)
  object space 151040K, 12% used [0x0000000080000000,0x00000000811db2c0,0x0000000089380000)
 Metaspace       used 56377K, capacity 58832K, committed 58968K, reserved 1099776K
  class space    used 7690K, capacity 8201K, committed 8320K, reserved 1048576K
Event: 5.429 GC heap after
Heap after GC invocations=10 (full 2):
 PSYoungGen      total 320512K, used 18919K [0x00000000d5580000, 0x00000000eac00000, 0x0000000100000000)
  eden space 301568K, 0% used [0x00000000d5580000,0x00000000d5580000,0x00000000e7c00000)
  from space 18944K, 99% used [0x00000000e9380000,0x00000000ea5f9fa8,0x00000000ea600000)
  to   space 24064K, 0% used [0x00000000e7c00000,0x00000000e7c00000,0x00000000e9380000)
 ParOldGen       total 151040K, used 23347K [0x0000000080000000, 0x0000000089380000, 0x00000000d5580000)
  object space 151040K, 15% used [0x0000000080000000,0x00000000816ccf18,0x0000000089380000)
 Metaspace       used 56377K, capacity 58832K, committed 58968K, reserved 1099776K
  class space    used 7690K, capacity 8201K, committed 8320K, reserved 1048576K
}
Event: 5.429 GC heap before
{Heap before GC invocations=11 (full 3):
 PSYoungGen      total 320512K, used 18919K [0x00000000d5580000, 0x00000000eac00000, 0x0000000100000000)
  eden space 301568K, 0% used [0x00000000d5580000,0x00000000d5580000,0x00000000e7c00000)
  from space 18944K, 99% used [0x00000000e9380000,0x00000000ea5f9fa8,0x00000000ea600000)
  to   space 24064K, 0% used [0x00000000e7c00000,0x00000000e7c00000,0x00000000e9380000)
 ParOldGen       total 151040K, used 23347K [0x0000000080000000, 0x0000000089380000, 0x00000000d5580000)
  object space 151040K, 15% used [0x0000000080000000,0x00000000816ccf18,0x0000000089380000)
 Metaspace       used 56377K, capacity 58832K, committed 58968K, reserved 1099776K
  class space    used 7690K, capacity 8201K, committed 8320K, reserved 1048576K
Event: 5.568 GC heap after
Heap after GC invocations=11 (full 3):
 PSYoungGen      total 320512K, used 0K [0x00000000d5580000, 0x00000000eac00000, 0x0000000100000000)
  eden space 301568K, 0% used [0x00000000d5580000,0x00000000d5580000,0x00000000e7c00000)
  from space 18944K, 0% used [0x00000000e9380000,0x00000000e9380000,0x00000000ea600000)
  to   space 24064K, 0% used [0x00000000e7c00000,0x00000000e7c00000,0x00000000e9380000)
 ParOldGen       total 225280K, used 35931K [0x0000000080000000, 0x000000008dc00000, 0x00000000d5580000)
  object space 225280K, 15% used [0x0000000080000000,0x0000000082316e38,0x000000008dc00000)
 Metaspace       used 56298K, capacity 58568K, committed 58968K, reserved 1099776K
  class space    used 7666K, capacity 8157K, committed 8320K, reserved 1048576K
}
Event: 7.386 GC heap before
{Heap before GC invocations=12 (full 3):
 PSYoungGen      total 320512K, used 301568K [0x00000000d5580000, 0x00000000eac00000, 0x0000000100000000)
  eden space 301568K, 100% used [0x00000000d5580000,0x00000000e7c00000,0x00000000e7c00000)
  from space 18944K, 0% used [0x00000000e9380000,0x00000000e9380000,0x00000000ea600000)
  to   space 24064K, 0% used [0x00000000e7c00000,0x00000000e7c00000,0x00000000e9380000)
 ParOldGen       total 225280K, used 35931K [0x0000000080000000, 0x000000008dc00000, 0x00000000d5580000)
  object space 225280K, 15% used [0x0000000080000000,0x0000000082316e38,0x000000008dc00000)
 Metaspace       used 70808K, capacity 74826K, committed 74968K, reserved 1114112K
  class space    used 9744K, capacity 10431K, committed 10496K, reserved 1048576K
Event: 7.406 GC heap after
Heap after GC invocations=12 (full 3):
 PSYoungGen      total 325632K, used 24063K [0x00000000d5580000, 0x00000000ef100000, 0x0000000100000000)
  eden space 301568K, 0% used [0x00000000d5580000,0x00000000d5580000,0x00000000e7c00000)
  from space 24064K, 99% used [0x00000000e7c00000,0x00000000e937ff90,0x00000000e9380000)
  to   space 28672K, 0% used [0x00000000ed500000,0x00000000ed500000,0x00000000ef100000)
 ParOldGen       total 225280K, used 38666K [0x0000000080000000, 0x000000008dc00000, 0x00000000d5580000)
  object space 225280K, 17% used [0x0000000080000000,0x00000000825c2af8,0x000000008dc00000)
 Metaspace       used 70808K, capacity 74826K, committed 74968K, reserved 1114112K
  class space    used 9744K, capacity 10431K, committed 10496K, reserved 1048576K
}
Event: 8.518 GC heap before
{Heap before GC invocations=13 (full 3):
 PSYoungGen      total 325632K, used 325631K [0x00000000d5580000, 0x00000000ef100000, 0x0000000100000000)
  eden space 301568K, 100% used [0x00000000d5580000,0x00000000e7c00000,0x00000000e7c00000)
  from space 24064K, 99% used [0x00000000e7c00000,0x00000000e937ff90,0x00000000e9380000)
  to   space 28672K, 0% used [0x00000000ed500000,0x00000000ed500000,0x00000000ef100000)
 ParOldGen       total 225280K, used 38666K [0x0000000080000000, 0x000000008dc00000, 0x00000000d5580000)
  object space 225280K, 17% used [0x0000000080000000,0x00000000825c2af8,0x000000008dc00000)
 Metaspace       used 80895K, capacity 86328K, committed 86616K, reserved 1124352K
  class space    used 11357K, capacity 12320K, committed 12416K, reserved 1048576K
Event: 8.575 GC heap after
Heap after GC invocations=13 (full 3):
 PSYoungGen      total 330240K, used 28654K [0x00000000d5580000, 0x00000000ef100000, 0x0000000100000000)
  eden space 301568K, 0% used [0x00000000d5580000,0x00000000d5580000,0x00000000e7c00000)
  from space 28672K, 99% used [0x00000000ed500000,0x00000000ef0fb900,0x00000000ef100000)
  to   space 24064K, 0% used [0x00000000e7c00000,0x00000000e7c00000,0x00000000e9380000)
 ParOldGen       total 225280K, used 93028K [0x0000000080000000, 0x000000008dc00000, 0x00000000d5580000)
  object space 225280K, 41% used [0x0000000080000000,0x0000000085ad9308,0x000000008dc00000)
 Metaspace       used 80895K, capacity 86328K, committed 86616K, reserved 1124352K
  class space    used 11357K, capacity 12320K, committed 12416K, reserved 1048576K
}

