# JRE version: OpenJDK Runtime Environment (8.0_242-b01) (build 1.8.0_242-release-1644-b01)
# Java VM: OpenJDK 64-Bit Server VM (25.242-b01 mixed mode windows-amd64 compressed oops)
Heap:
 PSYoungGen      total 384512K, used 103117K [0x00000000d5580000, 0x00000000f0b80000, 0x0000000100000000)
  eden space 357376K, 21% used [0x00000000d5580000,0x00000000d9fb8df8,0x00000000eb280000)
  from space 27136K, 99% used [0x00000000ed780000,0x00000000ef1fa640,0x00000000ef200000)
  to   space 37888K, 0% used [0x00000000eb280000,0x00000000eb280000,0x00000000ed780000)
 ParOldGen       total 221184K, used 55887K [0x0000000080000000, 0x000000008d800000, 0x00000000d5580000)
  object space 221184K, 25% used [0x0000000080000000,0x0000000083693c48,0x000000008d800000)
 Metaspace       used 83591K, capacity 88910K, committed 89176K, reserved 1126400K
  class space    used 11383K, capacity 12315K, committed 12416K, reserved 1048576K
GC Heap History (10 events):
Event: 3.489 GC heap before
{Heap before GC invocations=9 (full 2):
 PSYoungGen      total 227328K, used 211456K [0x00000000d5580000, 0x00000000e4800000, 0x0000000100000000)
  eden space 211456K, 100% used [0x00000000d5580000,0x00000000e2400000,0x00000000e2400000)
  from space 15872K, 0% used [0x00000000e3300000,0x00000000e3300000,0x00000000e4280000)
  to   space 15360K, 0% used [0x00000000e2400000,0x00000000e2400000,0x00000000e3300000)
 ParOldGen       total 146944K, used 14788K [0x0000000080000000, 0x0000000088f80000, 0x00000000d5580000)
  object space 146944K, 10% used [0x0000000080000000,0x0000000080e71098,0x0000000088f80000)
 Metaspace       used 46478K, capacity 48398K, committed 48600K, reserved 1091584K
  class space    used 6280K, capacity 6653K, committed 6656K, reserved 1048576K
Event: 3.500 GC heap after
Heap after GC invocations=9 (full 2):
 PSYoungGen      total 226816K, used 15332K [0x00000000d5580000, 0x00000000eb080000, 0x0000000100000000)
  eden space 211456K, 0% used [0x00000000d5580000,0x00000000d5580000,0x00000000e2400000)
  from space 15360K, 99% used [0x00000000e2400000,0x00000000e32f93c8,0x00000000e3300000)
  to   space 18944K, 0% used [0x00000000e9e00000,0x00000000e9e00000,0x00000000eb080000)
 ParOldGen       total 146944K, used 18104K [0x0000000080000000, 0x0000000088f80000, 0x00000000d5580000)
  object space 146944K, 12% used [0x0000000080000000,0x00000000811ae260,0x0000000088f80000)
 Metaspace       used 46478K, capacity 48398K, committed 48600K, reserved 1091584K
  class space    used 6280K, capacity 6653K, committed 6656K, reserved 1048576K
}
Event: 4.271 GC heap before
{Heap before GC invocations=10 (full 2):
 PSYoungGen      total 226816K, used 133029K [0x00000000d5580000, 0x00000000eb080000, 0x0000000100000000)
  eden space 211456K, 55% used [0x00000000d5580000,0x00000000dc870100,0x00000000e2400000)
  from space 15360K, 99% used [0x00000000e2400000,0x00000000e32f93c8,0x00000000e3300000)
  to   space 18944K, 0% used [0x00000000e9e00000,0x00000000e9e00000,0x00000000eb080000)
 ParOldGen       total 146944K, used 18104K [0x0000000080000000, 0x0000000088f80000, 0x00000000d5580000)
  object space 146944K, 12% used [0x0000000080000000,0x00000000811ae260,0x0000000088f80000)
 Metaspace       used 56353K, capacity 58866K, committed 59028K, reserved 1099776K
  class space    used 7691K, capacity 8206K, committed 8320K, reserved 1048576K
Event: 4.282 GC heap after
Heap after GC invocations=10 (full 2):
 PSYoungGen      total 331776K, used 18918K [0x00000000d5580000, 0x00000000eb680000, 0x0000000100000000)
  eden space 312832K, 0% used [0x00000000d5580000,0x00000000d5580000,0x00000000e8700000)
  from space 18944K, 99% used [0x00000000e9e00000,0x00000000eb079b78,0x00000000eb080000)
  to   space 23552K, 0% used [0x00000000e8700000,0x00000000e8700000,0x00000000e9e00000)
 ParOldGen       total 146944K, used 23068K [0x0000000080000000, 0x0000000088f80000, 0x00000000d5580000)
  object space 146944K, 15% used [0x0000000080000000,0x0000000081687140,0x0000000088f80000)
 Metaspace       used 56353K, capacity 58866K, committed 59028K, reserved 1099776K
  class space    used 7691K, capacity 8206K, committed 8320K, reserved 1048576K
}
Event: 4.282 GC heap before
{Heap before GC invocations=11 (full 3):
 PSYoungGen      total 331776K, used 18918K [0x00000000d5580000, 0x00000000eb680000, 0x0000000100000000)
  eden space 312832K, 0% used [0x00000000d5580000,0x00000000d5580000,0x00000000e8700000)
  from space 18944K, 99% used [0x00000000e9e00000,0x00000000eb079b78,0x00000000eb080000)
  to   space 23552K, 0% used [0x00000000e8700000,0x00000000e8700000,0x00000000e9e00000)
 ParOldGen       total 146944K, used 23068K [0x0000000080000000, 0x0000000088f80000, 0x00000000d5580000)
  object space 146944K, 15% used [0x0000000080000000,0x0000000081687140,0x0000000088f80000)
 Metaspace       used 56353K, capacity 58866K, committed 59028K, reserved 1099776K
  class space    used 7691K, capacity 8206K, committed 8320K, reserved 1048576K
Event: 4.397 GC heap after
Heap after GC invocations=11 (full 3):
 PSYoungGen      total 331776K, used 0K [0x00000000d5580000, 0x00000000eb680000, 0x0000000100000000)
  eden space 312832K, 0% used [0x00000000d5580000,0x00000000d5580000,0x00000000e8700000)
  from space 18944K, 0% used [0x00000000e9e00000,0x00000000e9e00000,0x00000000eb080000)
  to   space 23552K, 0% used [0x00000000e8700000,0x00000000e8700000,0x00000000e9e00000)
 ParOldGen       total 221184K, used 35915K [0x0000000080000000, 0x000000008d800000, 0x00000000d5580000)
  object space 221184K, 16% used [0x0000000080000000,0x0000000082312c48,0x000000008d800000)
 Metaspace       used 56261K, capacity 58554K, committed 59028K, reserved 1099776K
  class space    used 7662K, capacity 8154K, committed 8320K, reserved 1048576K
}
Event: 76.412 GC heap before
{Heap before GC invocations=12 (full 3):
 PSYoungGen      total 331776K, used 312832K [0x00000000d5580000, 0x00000000eb680000, 0x0000000100000000)
  eden space 312832K, 100% used [0x00000000d5580000,0x00000000e8700000,0x00000000e8700000)
  from space 18944K, 0% used [0x00000000e9e00000,0x00000000e9e00000,0x00000000eb080000)
  to   space 23552K, 0% used [0x00000000e8700000,0x00000000e8700000,0x00000000e9e00000)
 ParOldGen       total 221184K, used 35915K [0x0000000080000000, 0x000000008d800000, 0x00000000d5580000)
  object space 221184K, 16% used [0x0000000080000000,0x0000000082312c48,0x000000008d800000)
 Metaspace       used 67916K, capacity 71688K, committed 71768K, reserved 1112064K
  class space    used 9142K, capacity 9835K, committed 9856K, reserved 1048576K
Event: 76.431 GC heap after
Heap after GC invocations=12 (full 3):
 PSYoungGen      total 336384K, used 23525K [0x00000000d5580000, 0x00000000ef200000, 0x0000000100000000)
  eden space 312832K, 0% used [0x00000000d5580000,0x00000000d5580000,0x00000000e8700000)
  from space 23552K, 99% used [0x00000000e8700000,0x00000000e9df97d8,0x00000000e9e00000)
  to   space 27136K, 0% used [0x00000000ed780000,0x00000000ed780000,0x00000000ef200000)
 ParOldGen       total 221184K, used 35923K [0x0000000080000000, 0x000000008d800000, 0x00000000d5580000)
  object space 221184K, 16% used [0x0000000080000000,0x0000000082314c48,0x000000008d800000)
 Metaspace       used 67916K, capacity 71688K, committed 71768K, reserved 1112064K
  class space    used 9142K, capacity 9835K, committed 9856K, reserved 1048576K
}
Event: 78.213 GC heap before
{Heap before GC invocations=13 (full 3):
 PSYoungGen      total 336384K, used 336357K [0x00000000d5580000, 0x00000000ef200000, 0x0000000100000000)
  eden space 312832K, 100% used [0x00000000d5580000,0x00000000e8700000,0x00000000e8700000)
  from space 23552K, 99% used [0x00000000e8700000,0x00000000e9df97d8,0x00000000e9e00000)
  to   space 27136K, 0% used [0x00000000ed780000,0x00000000ed780000,0x00000000ef200000)
 ParOldGen       total 221184K, used 35923K [0x0000000080000000, 0x000000008d800000, 0x00000000d5580000)
  object space 221184K, 16% used [0x0000000080000000,0x0000000082314c48,0x000000008d800000)
 Metaspace       used 75379K, capacity 79524K, committed 79704K, reserved 1118208K
  class space    used 10074K, capacity 10838K, committed 10880K, reserved 1048576K
Event: 78.251 GC heap after
Heap after GC invocations=13 (full 3):
 PSYoungGen      total 384512K, used 27113K [0x00000000d5580000, 0x00000000f0b80000, 0x0000000100000000)
  eden space 357376K, 0% used [0x00000000d5580000,0x00000000d5580000,0x00000000eb280000)
  from space 27136K, 99% used [0x00000000ed780000,0x00000000ef1fa640,0x00000000ef200000)
  to   space 37888K, 0% used [0x00000000eb280000,0x00000000eb280000,0x00000000ed780000)
 ParOldGen       total 221184K, used 55887K [0x0000000080000000, 0x000000008d800000, 0x00000000d5580000)
  object space 221184K, 25% used [0x0000000080000000,0x0000000083693c48,0x000000008d800000)
 Metaspace       used 75379K, capacity 79524K, committed 79704K, reserved 1118208K
  class space    used 10074K, capacity 10838K, committed 10880K, reserved 1048576K
}

